2026-01-05 16:48:04,632 - INFO - Connexion PostgreSQL Ètablie avec succËs
2026-01-05 16:48:07,046 - INFO - DÈbut de la gÈnÈration de 10000 utilisateurs...
2026-01-05 16:48:07,303 - ERROR - Erreur fatale: ERREUR:  la valeur d'une clÈ dupliquÈe rompt la contrainte unique ´ users_email_key ª
DETAIL:  La clÈ ´ (email)=(hgim@example.org) ª existe dÈj‡.
Traceback (most recent call last):
  File "C:\Users\yassir\StreamVisionTP\scripts\generate_streaming_data.py", line 1215, in main
    generate_users(conn, n_users=10000)
  File "C:\Users\yassir\StreamVisionTP\scripts\generate_streaming_data.py", line 223, in generate_users
    execute_batch(cursor, query, users_data)
  File "C:\Users\fftt7\PycharmProjects\host\.venv\lib\site-packages\psycopg2\extras.py", line 1216, in execute_batch
    cur.execute(b";".join(sqls))
psycopg2.errors.UniqueViolation: ERREUR:  la valeur d'une clÈ dupliquÈe rompt la contrainte unique ´ users_email_key ª
DETAIL:  La clÈ ´ (email)=(hgim@example.org) ª existe dÈj‡.

2026-01-05 16:49:44,180 - INFO - Connexion PostgreSQL Ètablie avec succËs
2026-01-05 16:49:53,270 - INFO - VÈrification des donnÈes gÈnÈrÈes...
2026-01-05 16:49:53,290 - INFO - Connexion PostgreSQL fermÈe
2026-01-05 16:52:15,345 - INFO - Connexion PostgreSQL √©tablie avec succ√®s
2026-01-05 16:52:21,807 - INFO - D√©but de la g√©n√©ration de 10000 utilisateurs...
2026-01-05 16:52:22,080 - ERROR - Erreur fatale: ERREUR:  la valeur d'une cl√© dupliqu√©e rompt la contrainte unique ¬´ users_email_key ¬ª
DETAIL:  La cl√© ¬´ (email)=(hgim@example.org) ¬ª existe d√©j√†.
Traceback (most recent call last):
  File "C:\Users\yassir\StreamVisionTP\scripts\generate_streaming_data.py", line 1241, in main
    generate_users(conn, n_users=10000)
  File "C:\Users\yassir\StreamVisionTP\scripts\generate_streaming_data.py", line 245, in generate_users
    execute_batch(cursor, query, users_data)
  File "C:\Users\fftt7\PycharmProjects\host\.venv\lib\site-packages\psycopg2\extras.py", line 1216, in execute_batch
    cur.execute(b";".join(sqls))
psycopg2.errors.UniqueViolation: ERREUR:  la valeur d'une cl√© dupliqu√©e rompt la contrainte unique ¬´ users_email_key ¬ª
DETAIL:  La cl√© ¬´ (email)=(hgim@example.org) ¬ª existe d√©j√†.

2026-01-05 17:00:11,214 - INFO - Connexion PostgreSQL √©tablie avec succ√®s
2026-01-05 17:00:18,454 - INFO - Connexion PostgreSQL ferm√©e
2026-01-05 17:00:28,388 - INFO - Connexion PostgreSQL √©tablie avec succ√®s
2026-01-05 17:00:34,296 - WARNING - FLUSH DATABASE INITI√â
2026-01-05 17:00:34,523 - WARNING - üî• BASE DE DONN√âES COMPL√àTEMENT VID√âE
2026-01-05 17:00:34,523 - INFO - Connexion PostgreSQL ferm√©e
2026-01-05 17:00:46,426 - INFO - Connexion PostgreSQL √©tablie avec succ√®s
2026-01-05 17:00:49,669 - INFO - D√©but de la g√©n√©ration de 10000 utilisateurs...
2026-01-05 17:00:53,227 - INFO - ‚úÖ 10000 utilisateurs g√©n√©r√©s avec succ√®s
2026-01-05 17:00:53,227 - INFO - D√©but de la g√©n√©ration de 5000 contenus...
2026-01-05 17:00:54,810 - INFO - ‚úÖ 5000 contenus g√©n√©r√©s avec succ√®s
2026-01-05 17:00:54,810 - INFO - D√©but de la g√©n√©ration de 100000 sessions de visionnage...
2026-01-05 17:01:20,324 - INFO - ‚úÖ 100000 sessions de visionnage g√©n√©r√©es avec succ√®s
2026-01-05 17:01:20,324 - INFO - D√©but de la g√©n√©ration de 30000 √©valuations...
2026-01-05 17:01:26,621 - INFO - ‚úÖ 30000 √©valuations g√©n√©r√©es avec succ√®s
2026-01-05 17:01:26,624 - INFO - D√©but de la g√©n√©ration de 20000 entr√©es de liste de visionnage...
2026-01-05 17:01:28,728 - INFO - ‚úÖ 20000 entr√©es de watchlist g√©n√©r√©es avec succ√®s
2026-01-05 17:01:28,731 - INFO - D√©but de la g√©n√©ration de 15000 √©v√©nements d'abonnement...
2026-01-05 17:01:31,108 - INFO - ‚úÖ 15000 √©v√©nements d'abonnement g√©n√©r√©s avec succ√®s
2026-01-05 17:01:31,109 - INFO - D√©but de la g√©n√©ration de 25000 requ√™tes de recherche...
2026-01-05 17:01:34,488 - INFO - ‚úÖ 25000 requ√™tes de recherche g√©n√©r√©es avec succ√®s
2026-01-05 17:01:34,489 - INFO - D√©but de la g√©n√©ration de 5000 √©pisodes et 30000 visionnages d'√©pisodes...
2026-01-05 17:01:34,490 - INFO - G√©n√©ration des √©pisodes...
2026-01-05 17:01:37,147 - INFO - ‚úÖ 5000 √©pisodes g√©n√©r√©s avec succ√®s
2026-01-05 17:01:37,147 - INFO - G√©n√©ration des visionnages d'√©pisodes...
2026-01-05 17:01:41,647 - INFO - ‚úÖ 30000 visionnages d'√©pisodes g√©n√©r√©s avec succ√®s
2026-01-05 17:01:41,649 - INFO - V√©rification des donn√©es g√©n√©r√©es...
2026-01-05 17:01:41,727 - INFO - Connexion PostgreSQL ferm√©e
